app/build/outputs/mapping/release/seeds.txt
ru.rpw_mos.zp.Main
ru.rpw_mos.zp.Main: Main()
ru.rpw_mos.zp.R$anim: int abc_fade_in
ru.rpw_mos.zp.R$anim: int abc_fade_out
ru.rpw_mos.zp.R$anim: int abc_grow_fade_in_from_bottom
ru.rpw_mos.zp.R$anim: int abc_popup_enter
ru.rpw_mos.zp.R$anim: int abc_popup_exit
ru.rpw_mos.zp.R$anim: int abc_shrink_fade_out_from_bottom
ru.rpw_mos.zp.R$anim: int abc_slide_in_bottom
ru.rpw_mos.zp.R$anim: int abc_slide_in_top
ru.rpw_mos.zp.R$anim: int abc_slide_out_bottom
ru.rpw_mos.zp.R$anim: int abc_slide_out_top
ru.rpw_mos.zp.R$anim: int rotate
ru.rpw_mos.zp.R$array: int menu_icons
ru.rpw_mos.zp.R$array: int menu_items
ru.rpw_mos.zp.R$attr: int actionBarDivider
ru.rpw_mos.zp.R$attr: int actionBarItemBackground
ru.rpw_mos.zp.R$attr: int actionBarPopupTheme
ru.rpw_mos.zp.R$attr: int actionBarSize
ru.rpw_mos.zp.R$attr: int actionBarSplitStyle
ru.rpw_mos.zp.R$attr: int actionBarStyle
ru.rpw_mos.zp.R$attr: int actionBarTabBarStyle
ru.rpw_mos.zp.R$attr: int actionBarTabStyle
ru.rpw_mos.zp.R$attr: int actionBarTabTextStyle
ru.rpw_mos.zp.R$attr: int actionBarTheme
ru.rpw_mos.zp.R$attr: int actionBarWidgetTheme
ru.rpw_mos.zp.R$attr: int actionButtonStyle
ru.rpw_mos.zp.R$attr: int actionDropDownStyle
ru.rpw_mos.zp.R$attr: int actionLayout
ru.rpw_mos.zp.R$attr: int actionMenuTextAppearance
ru.rpw_mos.zp.R$attr: int actionMenuTextColor
ru.rpw_mos.zp.R$attr: int actionModeBackground
ru.rpw_mos.zp.R$attr: int actionModeCloseButtonStyle
ru.rpw_mos.zp.R$attr: int actionModeCloseDrawable
ru.rpw_mos.zp.R$attr: int actionModeCopyDrawable
ru.rpw_mos.zp.R$attr: int actionModeCutDrawable
ru.rpw_mos.zp.R$attr: int actionModeFindDrawable
ru.rpw_mos.zp.R$attr: int actionModePasteDrawable
ru.rpw_mos.zp.R$attr: int actionModePopupWindowStyle
ru.rpw_mos.zp.R$attr: int actionModeSelectAllDrawable
ru.rpw_mos.zp.R$attr: int actionModeShareDrawable
ru.rpw_mos.zp.R$attr: int actionModeSplitBackground
ru.rpw_mos.zp.R$attr: int actionModeStyle
ru.rpw_mos.zp.R$attr: int actionModeWebSearchDrawable
ru.rpw_mos.zp.R$attr: int actionOverflowButtonStyle
ru.rpw_mos.zp.R$attr: int actionOverflowMenuStyle
ru.rpw_mos.zp.R$bool: int abc_action_bar_embed_tabs
ru.rpw_mos.zp.R$bool: int abc_action_bar_embed_tabs_pre_jb
ru.rpw_mos.zp.R$bool: int abc_action_bar_expanded_action_views_exclusive
ru.rpw_mos.zp.R$bool: int abc_config_actionMenuItemAllCaps
ru.rpw_mos.zp.R$bool: int abc_config_allowActionMenuItemTextWithIcon
ru.rpw_mos.zp.R$bool: int abc_config_closeDialogWhenTouchOutside
ru.rpw_mos.zp.R$bool: int abc_config_showMenuShortcutsWhenKeyboardPresent
ru.rpw_mos.zp.R$color: int Blue
ru.rpw_mos.zp.R$color: int abc_background_cache_hint_selector_material_dark
ru.rpw_mos.zp.R$color: int abc_background_cache_hint_selector_material_light
ru.rpw_mos.zp.R$color: int abc_input_method_navigation_guard
ru.rpw_mos.zp.R$color: int abc_primary_text_disable_only_material_dark
ru.rpw_mos.zp.R$color: int abc_primary_text_disable_only_material_light
ru.rpw_mos.zp.R$color: int abc_primary_text_material_dark
ru.rpw_mos.zp.R$color: int abc_primary_text_material_light
ru.rpw_mos.zp.R$color: int abc_search_url_text
ru.rpw_mos.zp.R$color: int abc_search_url_text_normal
ru.rpw_mos.zp.R$color: int abc_search_url_text_pressed
ru.rpw_mos.zp.R$color: int abc_search_url_text_selected
ru.rpw_mos.zp.R$color: int abc_secondary_text_material_dark
ru.rpw_mos.zp.R$color: int abc_secondary_text_material_light
ru.rpw_mos.zp.R$color: int accent_material_dark
ru.rpw_mos.zp.R$color: int accent_material_light
ru.rpw_mos.zp.R$color: int background_floating_material_dark
ru.rpw_mos.zp.R$color: int background_floating_material_light
ru.rpw_mos.zp.R$color: int background_material_dark
ru.rpw_mos.zp.R$color: int background_material_light
ru.rpw_mos.zp.R$color: int black
ru.rpw_mos.zp.R$color: int bright_foreground_disabled_material_dark
ru.rpw_mos.zp.R$color: int bright_foreground_disabled_material_light
ru.rpw_mos.zp.R$color: int bright_foreground_inverse_material_dark
ru.rpw_mos.zp.R$color: int bright_foreground_inverse_material_light
...
android.support.v7.widget.AppCompatRadioButton: void setButtonDrawable(android.graphics.drawable.Drawable)
android.support.v7.widget.AppCompatRadioButton: void setButtonDrawable(int)
android.support.v7.widget.AppCompatRadioButton: int getCompoundPaddingLeft()
android.support.v7.widget.AppCompatRatingBar: android.graphics.drawable.shapes.Shape getDrawableShape()
android.support.v7.widget.AppCompatSpinner: void setSupportBackgroundTintList(android.content.res.ColorStateList)
android.support.v7.widget.AppCompatSpinner: android.content.res.ColorStateList getSupportBackgroundTintList()
android.support.v7.widget.AppCompatSpinner: void setSupportBackgroundTintMode(android.graphics.PorterDuff$Mode)
android.support.v7.widget.AppCompatSpinner: android.graphics.PorterDuff$Mode getSupportBackgroundTintMode()
android.support.v7.widget.AppCompatTextView: AppCompatTextView(android.content.Context)
android.support.v7.widget.AppCompatTextView: AppCompatTextView(android.content.Context,android.util.AttributeSet)
android.support.v7.widget.AppCompatTextView: AppCompatTextView(android.content.Context,android.util.AttributeSet,int)
android.support.v7.widget.AppCompatTextView: void setAllCaps(boolean)
android.support.v7.widget.LinearLayoutCompat: LinearLayoutCompat(android.content.Context)
android.support.v7.widget.LinearLayoutCompat: LinearLayoutCompat(android.content.Context,android.util.AttributeSet)
android.support.v7.widget.LinearLayoutCompat: LinearLayoutCompat(android.content.Context,android.util.AttributeSet,int)
android.support.v7.widget.LinearLayoutCompat: void setShowDividers(int)
android.support.v7.widget.LinearLayoutCompat: int getShowDividers()
android.support.v7.widget.LinearLayoutCompat: android.graphics.drawable.Drawable getDividerDrawable()
android.support.v7.widget.LinearLayoutCompat: void setDividerDrawable(android.graphics.drawable.Drawable)
android.support.v7.widget.LinearLayoutCompat: void setDividerPadding(int)
android.support.v7.widget.LinearLayoutCompat: int getDividerPadding()
android.support.v7.widget.LinearLayoutCompat: int getDividerWidth()
android.support.v7.widget.LinearLayoutCompat: void setBaselineAligned(boolean)
android.support.v7.widget.LinearLayoutCompat: void setMeasureWithLargestChildEnabled(boolean)
android.support.v7.widget.LinearLayoutCompat: int getBaseline()
android.support.v7.widget.LinearLayoutCompat: int getBaselineAlignedChildIndex()
android.support.v7.widget.LinearLayoutCompat: void setBaselineAlignedChildIndex(int)
android.support.v7.widget.LinearLayoutCompat: int getVirtualChildCount()
android.support.v7.widget.LinearLayoutCompat: float getWeightSum()
android.support.v7.widget.LinearLayoutCompat: void setWeightSum(float)