app/build/outputs/mapping/release/mapping.txt
ru.rpw_mos.zp.Ac_fragment -> ru.rpw_mos.zp.a:
    android.view.View rootView -> ab
    android.widget.EditText en -> ac
    android.widget.EditText er -> ad
    android.widget.EditText ed -> ae
    android.widget.TextView tv_ac_itog -> af
    android.widget.TextView tv_ac_zp -> ag
    android.database.Cursor mCursor -> ah
    java.util.ArrayList mDataList -> aa
    ru.rpw_mos.zp.Ac_fragment getInstance() -> K
    void onCreateOptionsMenu(android.view.Menu,android.view.MenuInflater) -> a
    boolean onOptionsItemSelected(android.view.MenuItem) -> a
    void SaveAccount() -> L
    java.lang.String getHexString(java.lang.String) -> a
    java.lang.String replaceString(java.lang.String,java.lang.String,java.lang.String) -> a
    void PrintAccount() -> M
    void SendAccount() -> N
    java.lang.String save_View_ToSDCard(android.view.View,java.lang.String) -> a
    boolean canShareText(boolean,android.content.Intent) -> a
    void ShareAccount() -> O
    void DeleteAccount() -> P
    void onActivityCreated(android.os.Bundle) -> e
    void setTitle(int,java.lang.CharSequence) -> a
    void setTitle(java.lang.CharSequence,java.lang.CharSequence) -> a
    android.view.View onCreateView(android.view.LayoutInflater,android.view.ViewGroup,android.os.Bundle) -> a
ru.rpw_mos.zp.Ac_fragment$1 -> ru.rpw_mos.zp.b:
    ru.rpw_mos.zp.Ac_fragment this$0 -> a
    void onClick(android.view.View) -> onClick
ru.rpw_mos.zp.Ac_item_view_fragment -> ru.rpw_mos.zp.c:
    android.view.View rootView -> aa
    ru.rpw_mos.zp.Ac_item_view_fragment getInstance() -> K
    void onCreateOptionsMenu(android.view.Menu,android.view.MenuInflater) -> a
    boolean onOptionsItemSelected(android.view.MenuItem) -> a
    void SaveExp() -> L
    void onActivityCreated(android.os.Bundle) -> e
    void setTitle(java.lang.CharSequence,java.lang.CharSequence) -> a
    android.view.View onCreateView(android.view.LayoutInflater,android.view.ViewGroup,android.os.Bundle) -> a
ru.rpw_mos.zp.Ac_list_fragment -> ru.rpw_mos.zp.d:
    android.widget.ListView mListView -> ac
    android.support.v4.content.Loader loadermanager -> aa
    ru.rpw_mos.zp.MySimpleCursorAdapter sca -> ab
    java.lang.String[] FROM -> ad
    int[] TO -> ae
    ru.rpw_mos.zp.Ac_list_fragment getInstance() -> K
    void onCreate(android.os.Bundle) -> d
    void UpdateAc() -> L
    void onActivityCreated(android.os.Bundle) -> e
    void setTitle(int,java.lang.CharSequence) -> a
    void setTitle(java.lang.CharSequence,java.lang.CharSequence) -> a
    android.view.View onCreateView(android.view.LayoutInflater,android.view.ViewGroup,android.os.Bundle) -> a
    android.support.v4.content.Loader onCreateLoader(int,android.os.Bundle) -> a
    void onLoadFinished(android.support.v4.content.Loader,android.database.Cursor) -> a
    void onLoaderReset(android.support.v4.content.Loader) -> a
    void onLoadFinished(android.support.v4.content.Loader,java.lang.Object) -> a
...
android.support.v4.util.DebugUtils -> android.support.v4.f.d:
    void buildShortClassTag(java.lang.Object,java.lang.StringBuilder) -> a
android.support.v4.util.LogWriter -> android.support.v4.f.e:
    java.lang.String mTag -> a
    java.lang.StringBuilder mBuilder -> b
    void close() -> close
    void flush() -> flush
    void write(char[],int,int) -> write
    void flushBuilder() -> a
android.support.v4.util.LruCache -> android.support.v4.f.f:
    java.util.LinkedHashMap map -> a
    int size -> b
    int maxSize -> c
    int putCount -> d
    int createCount -> e
    int evictionCount -> f
    int hitCount -> g
    int missCount -> h
    java.lang.Object get(java.lang.Object) -> a
    java.lang.Object put(java.lang.Object,java.lang.Object) -> a
    void trimToSize(int) -> a
    void entryRemoved(boolean,java.lang.Object,java.lang.Object,java.lang.Object) -> a
    java.lang.Object create(java.lang.Object) -> b
    int safeSizeOf(java.lang.Object,java.lang.Object) -> c
    int sizeOf(java.lang.Object,java.lang.Object) -> b
    java.lang.String toString() -> toString
android.support.v4.util.MapCollections -> android.support.v4.f.g:
    android.support.v4.util.MapCollections$EntrySet mEntrySet -> b
    android.support.v4.util.MapCollections$KeySet mKeySet -> c
    android.support.v4.util.MapCollections$ValuesCollection mValues -> d
    boolean containsAllHelper(java.util.Map,java.util.Collection) -> a
    boolean removeAllHelper(java.util.Map,java.util.Collection) -> b
    boolean retainAllHelper(java.util.Map,java.util.Collection) -> c
    java.lang.Object[] toArrayHelper(int) -> b
    java.lang.Object[] toArrayHelper(java.lang.Object[],int) -> a
    boolean equalsSetHelper(java.util.Set,java.lang.Object) -> a
    java.util.Set getEntrySet() -> d
    java.util.Set getKeySet() -> e
    java.util.Collection getValues() -> f
    int colGetSize() -> a
    java.lang.Object colGetEntry(int,int) -> a
    int colIndexOfKey(java.lang.Object) -> a
    int colIndexOfValue(java.lang.Object) -> b
    java.util.Map colGetMap() -> b
    void colPut(java.lang.Object,java.lang.Object) -> a
    java.lang.Object colSetValue(int,java.lang.Object) -> a
    void colRemoveAt(int) -> a
    void colClear() -> c
android.support.v4.util.MapCollections$ArrayIterator -> android.support.v4.f.h:
    int mOffset -> a
    int mSize -> b
    int mIndex -> c
    boolean mCanRemove -> d
    android.support.v4.util.MapCollections this$0 -> e
    boolean hasNext() -> hasNext
    java.lang.Object next() -> next
    void remove() -> remove
android.support.v4.util.MapCollections$EntrySet -> android.support.v4.f.i:
    android.support.v4.util.MapCollections this$0 -> a
    boolean add(java.util.Map$Entry) -> a
    boolean addAll(java.util.Collection) -> addAll
    void clear() -> clear
    boolean contains(java.lang.Object) -> contains
    boolean containsAll(java.util.Collection) -> containsAll
    boolean isEmpty() -> isEmpty
    java.util.Iterator iterator() -> iterator
    boolean remove(java.lang.Object) -> remove
    boolean removeAll(java.util.Collection) -> removeAll
    boolean retainAll(java.util.Collection) -> retainAll
    int size() -> size
    java.lang.Object[] toArray() -> toArray
    java.lang.Object[] toArray(java.lang.Object[]) -> toArray
    boolean equals(java.lang.Object) -> equals
    int hashCode() -> hashCode
    boolean add(java.lang.Object) -> add