app/build/outputs/mapping/release/usage.txt
ru.rpw_mos.zp.Ac_item_view_fragment:
    84:85:public void setTitle(int,java.lang.CharSequence)
ru.rpw_mos.zp.BuildConfig
ru.rpw_mos.zp.DbAdapter:
    private static final java.lang.String DB_NAME
    private static final java.lang.String DB_TABLE_NAME
    private static final int DB_VERSION
    public static final java.lang.String COLUMN_ID
    public static final java.lang.String COLUMN_DATE
    public static final java.lang.String COLUMN_NAME
    public static final java.lang.String COLUMN_REGION
    public static final java.lang.String AC_ID
    public static final java.lang.String EXP_ID
    private static final java.lang.String DB_VERSION_TAG
ru.rpw_mos.zp.DbAdapter$DBHelper:
    private static final java.lang.String DATABASE_NAME
    private static final int DATABASE_VERSION
    private static final java.lang.String SP_KEY_DB_VER
ru.rpw_mos.zp.GetAcListTask:
    private static final java.lang.String TAG_SUCCESS
    private static final java.lang.String TAG_PRODUCTS
    private static final java.lang.String TAG_ID
    private static final java.lang.String TAG_NAME
    private static final java.lang.String TAG_DATE
    private static final java.lang.String TAG_REGION
ru.rpw_mos.zp.GetAcTask:
    private static final java.lang.String TAG_SUCCESS
    private static final java.lang.String TAG_ACCOUNTS
    private static final java.lang.String TAG_ID
    private static final java.lang.String TAG_NAME
    private static final java.lang.String TAG_REGION
    private static final java.lang.String TAG_DATE
ru.rpw_mos.zp.Info:
    static final java.lang.String INFO_TYPE
ru.rpw_mos.zp.JSONParser:
    private static final char PARAMETER_DELIMITER
    private static final char PARAMETER_EQUALS_CHAR
ru.rpw_mos.zp.Main:
    private static final java.lang.String PAGE
    public static final boolean mDBisUnzipped
ru.rpw_mos.zp.My_accounts:
    static final java.lang.String ACCOUNTS_TYPE
ru.rpw_mos.zp.R
ru.rpw_mos.zp.R$anim
ru.rpw_mos.zp.R$array
ru.rpw_mos.zp.R$attr
ru.rpw_mos.zp.R$bool
ru.rpw_mos.zp.R$color
ru.rpw_mos.zp.R$dimen
ru.rpw_mos.zp.R$drawable
ru.rpw_mos.zp.R$id
ru.rpw_mos.zp.R$integer
ru.rpw_mos.zp.R$layout
ru.rpw_mos.zp.R$menu
ru.rpw_mos.zp.R$string
ru.rpw_mos.zp.R$style
ru.rpw_mos.zp.R$styleable
ru.rpw_mos.zp.Tools:
    private static final java.lang.String TAG
    36:36:public Tools()
    42:51:public static boolean isConnected(java.lang.String)
    105:116:public static java.io.File getExternalSDCardDirectory()
    140:158:public static java.lang.String entityToString(java.io.InputStream)
    165:196:static void SendJava()
    200:234:public static void SendTestPost()
    253:259:public static java.lang.String upperFirstLetter(java.lang.String)
    263:267:public static byte[] intArrayToBytes(int[])
    272:289:public static void unpackZip(java.io.InputStream,java.io.OutputStream)
    294:332:public static void unzip(java.lang.String,java.lang.String)
    344:352:public static void loadImage(android.content.Context,android.widget.ImageView,java.lang.String)
    355:358:public static void hideSoftKeyboard(android.content.Context,android.view.View)
...
android.support.v4.media.TransportMediatorCallback
android.support.v4.media.TransportMediatorJellybeanMR2
android.support.v4.media.TransportMediatorJellybeanMR2$1
android.support.v4.media.TransportMediatorJellybeanMR2$2
android.support.v4.media.TransportMediatorJellybeanMR2$3
android.support.v4.media.TransportMediatorJellybeanMR2$4
android.support.v4.media.TransportPerformer
android.support.v4.media.TransportStateListener
android.support.v4.media.VolumeProviderCompat
android.support.v4.media.VolumeProviderCompat$1
android.support.v4.media.VolumeProviderCompat$Callback
android.support.v4.media.VolumeProviderCompatApi21
android.support.v4.media.VolumeProviderCompatApi21$1
android.support.v4.media.VolumeProviderCompatApi21$Delegate
android.support.v4.media.routing.MediaRouterJellybean
android.support.v4.media.routing.MediaRouterJellybean$Callback
android.support.v4.media.routing.MediaRouterJellybean$CallbackProxy
android.support.v4.media.routing.MediaRouterJellybean$GetDefaultRouteWorkaround
android.support.v4.media.routing.MediaRouterJellybean$RouteCategory
android.support.v4.media.routing.MediaRouterJellybean$RouteGroup
android.support.v4.media.routing.MediaRouterJellybean$RouteInfo
android.support.v4.media.routing.MediaRouterJellybean$SelectRouteWorkaround
android.support.v4.media.routing.MediaRouterJellybean$UserRouteInfo
android.support.v4.media.routing.MediaRouterJellybean$VolumeCallback
android.support.v4.media.routing.MediaRouterJellybean$VolumeCallbackProxy
android.support.v4.media.routing.MediaRouterJellybeanMr1
android.support.v4.media.routing.MediaRouterJellybeanMr1$ActiveScanWorkaround
android.support.v4.media.routing.MediaRouterJellybeanMr1$Callback
android.support.v4.media.routing.MediaRouterJellybeanMr1$CallbackProxy
android.support.v4.media.routing.MediaRouterJellybeanMr1$IsConnectingWorkaround
android.support.v4.media.routing.MediaRouterJellybeanMr1$RouteInfo
android.support.v4.media.routing.MediaRouterJellybeanMr2
android.support.v4.media.routing.MediaRouterJellybeanMr2$RouteInfo
android.support.v4.media.routing.MediaRouterJellybeanMr2$UserRouteInfo
android.support.v4.media.session.IMediaControllerCallback
android.support.v4.media.session.IMediaControllerCallback$Stub
android.support.v4.media.session.IMediaControllerCallback$Stub$Proxy
android.support.v4.media.session.IMediaSession
android.support.v4.media.session.IMediaSession$Stub
android.support.v4.media.session.IMediaSession$Stub$Proxy
android.support.v4.media.session.MediaControllerCompat
android.support.v4.media.session.MediaControllerCompat$1
android.support.v4.media.session.MediaControllerCompat$Callback
android.support.v4.media.session.MediaControllerCompat$Callback$MessageHandler
android.support.v4.media.session.MediaControllerCompat$Callback$StubApi21
android.support.v4.media.session.MediaControllerCompat$Callback$StubCompat
android.support.v4.media.session.MediaControllerCompat$MediaControllerImpl
android.support.v4.media.session.MediaControllerCompat$MediaControllerImplApi21
android.support.v4.media.session.MediaControllerCompat$MediaControllerImplBase
android.support.v4.media.session.MediaControllerCompat$PlaybackInfo
android.support.v4.media.session.MediaControllerCompat$TransportControls
android.support.v4.media.session.MediaControllerCompat$TransportControlsApi21
android.support.v4.media.session.MediaControllerCompat$TransportControlsBase
android.support.v4.media.session.MediaControllerCompatApi21
android.support.v4.media.session.MediaControllerCompatApi21$Callback
android.support.v4.media.session.MediaControllerCompatApi21$CallbackProxy
android.support.v4.media.session.MediaControllerCompatApi21$PlaybackInfo
android.support.v4.media.session.MediaControllerCompatApi21$TransportControls